2026-04-23 22:57:44,190 INFO o.a.j.u.JMeterUtils: Setting Locale to en_EN
2026-04-23 22:57:44,203 INFO o.a.j.JMeter: Loading user properties from: /opt/homebrew/Cellar/jmeter/5.6.3/libexec/bin/user.properties
2026-04-23 22:57:44,203 INFO o.a.j.JMeter: Loading system properties from: /opt/homebrew/Cellar/jmeter/5.6.3/libexec/bin/system.properties
2026-04-23 22:57:44,206 INFO o.a.j.JMeter: Copyright (c) 1998-2024 The Apache Software Foundation
2026-04-23 22:57:44,206 INFO o.a.j.JMeter: Version 5.6.3
2026-04-23 22:57:44,206 INFO o.a.j.JMeter: java.version=21.0.10
2026-04-23 22:57:44,206 INFO o.a.j.JMeter: java.vm.name=OpenJDK 64-Bit Server VM
2026-04-23 22:57:44,206 INFO o.a.j.JMeter: os.name=Mac OS X
2026-04-23 22:57:44,206 INFO o.a.j.JMeter: os.arch=aarch64
2026-04-23 22:57:44,207 INFO o.a.j.JMeter: os.version=15.7.3
2026-04-23 22:57:44,207 INFO o.a.j.JMeter: file.encoding=UTF-8
2026-04-23 22:57:44,207 INFO o.a.j.JMeter: java.awt.headless=true
2026-04-23 22:57:44,207 INFO o.a.j.JMeter: Max memory     =1073741824
2026-04-23 22:57:44,207 INFO o.a.j.JMeter: Available Processors =10
2026-04-23 22:57:44,212 INFO o.a.j.JMeter: Default Locale=English (EN)
2026-04-23 22:57:44,212 INFO o.a.j.JMeter: JMeter  Locale=English (EN)
2026-04-23 22:57:44,212 INFO o.a.j.JMeter: JMeterHome=/opt/homebrew/Cellar/jmeter/5.6.3/libexec
2026-04-23 22:57:44,212 INFO o.a.j.JMeter: user.dir  =/Users/ritika.mac/Yelp_Discovery_App
2026-04-23 22:57:44,212 INFO o.a.j.JMeter: PWD       =/Users/ritika.mac/Yelp_Discovery_App
2026-04-23 22:57:44,213 INFO o.a.j.JMeter: IP: 127.0.0.1 Name: Ritikas-MacBook-Air.local FullName: localhost
2026-04-23 22:57:44,221 INFO o.a.j.s.FileServer: Default base='/Users/ritika.mac/Yelp_Discovery_App'
2026-04-23 22:57:44,222 INFO o.a.j.s.FileServer: Set new base='/Users/ritika.mac/Yelp_Discovery_App/jmeter'
2026-04-23 22:57:44,301 INFO o.a.j.s.SaveService: Testplan (JMX) version: 2.2. Testlog (JTL) version: 2.2
2026-04-23 22:57:44,317 INFO o.a.j.s.SaveService: Using SaveService properties version 5.0
2026-04-23 22:57:44,318 INFO o.a.j.s.SaveService: Using SaveService properties file encoding UTF-8
2026-04-23 22:57:44,319 INFO o.a.j.s.SaveService: Loading file: jmeter/test-plan.jmx
2026-04-23 22:57:44,323 ERROR o.a.j.JMeter: Error in NonGUIDriver
com.thoughtworks.xstream.io.StreamException: 
	at com.thoughtworks.xstream.io.xml.XppReader.pullNextEvent(XppReader.java:124) ~[xstream-1.4.20.jar:1.4.20]
	at com.thoughtworks.xstream.io.xml.AbstractPullReader.readRealEvent(AbstractPullReader.java:148) ~[xstream-1.4.20.jar:1.4.20]
	at com.thoughtworks.xstream.io.xml.AbstractPullReader.readEvent(AbstractPullReader.java:141) ~[xstream-1.4.20.jar:1.4.20]
	at com.thoughtworks.xstream.io.xml.AbstractPullReader.move(AbstractPullReader.java:118) ~[xstream-1.4.20.jar:1.4.20]
	at com.thoughtworks.xstream.io.xml.AbstractPullReader.moveDown(AbstractPullReader.java:103) ~[xstream-1.4.20.jar:1.4.20]
	at com.thoughtworks.xstream.io.xml.XppReader.<init>(XppReader.java:63) ~[xstream-1.4.20.jar:1.4.20]
	at com.thoughtworks.xstream.io.xml.AbstractXppDriver.createReader(AbstractXppDriver.java:54) ~[xstream-1.4.20.jar:1.4.20]
	at com.thoughtworks.xstream.XStream.fromXML(XStream.java:1321) ~[xstream-1.4.20.jar:1.4.20]
	at org.apache.jmeter.save.SaveService.readTree(SaveService.java:446) ~[ApacheJMeter_core.jar:5.6.3]
	at org.apache.jmeter.save.SaveService.loadTree(SaveService.java:429) ~[ApacheJMeter_core.jar:5.6.3]
	at org.apache.jmeter.JMeter.runNonGui(JMeter.java:954) [ApacheJMeter_core.jar:5.6.3]
	at org.apache.jmeter.JMeter.startNonGui(JMeter.java:940) [ApacheJMeter_core.jar:5.6.3]
	at org.apache.jmeter.JMeter.start(JMeter.java:508) [ApacheJMeter_core.jar:5.6.3]
	at java.base/jdk.internal.reflect.DirectMethodHandleAccessor.invoke(DirectMethodHandleAccessor.java:103) ~[?:?]
	at java.base/java.lang.reflect.Method.invoke(Method.java:580) ~[?:?]
	at org.apache.jmeter.NewDriver.main(NewDriver.java:259) [ApacheJMeter.jar:5.6.3]
Caused by: org.xmlpull.v1.XmlPullParserException: only whitespace content allowed before start tag and not # (position: START_DOCUMENT seen #... @1:2) 
	at io.github.xstream.mxparser.MXParser.parseProlog(MXParser.java:1528) ~[mxparser-1.2.2.jar:1.2.2]
	at io.github.xstream.mxparser.MXParser.nextImpl(MXParser.java:1406) ~[mxparser-1.2.2.jar:1.2.2]
	at io.github.xstream.mxparser.MXParser.next(MXParser.java:1104) ~[mxparser-1.2.2.jar:1.2.2]
	at com.thoughtworks.xstream.io.xml.XppReader.pullNextEvent(XppReader.java:109) ~[xstream-1.4.20.jar:1.4.20]
	... 15 more
2026-04-23 22:57:44,326 ERROR o.a.j.JMeter: An error occurred: 
org.apache.jmeter.report.config.ConfigurationException: Error in NonGUIDriver 
	at org.apache.jmeter.JMeter.runNonGui(JMeter.java:1049) ~[ApacheJMeter_core.jar:5.6.3]
	at org.apache.jmeter.JMeter.startNonGui(JMeter.java:940) ~[ApacheJMeter_core.jar:5.6.3]
	at org.apache.jmeter.JMeter.start(JMeter.java:508) [ApacheJMeter_core.jar:5.6.3]
	at java.base/jdk.internal.reflect.DirectMethodHandleAccessor.invoke(DirectMethodHandleAccessor.java:103) ~[?:?]
	at java.base/java.lang.reflect.Method.invoke(Method.java:580) ~[?:?]
	at org.apache.jmeter.NewDriver.main(NewDriver.java:259) [ApacheJMeter.jar:5.6.3]
Caused by: com.thoughtworks.xstream.io.StreamException: 
	at com.thoughtworks.xstream.io.xml.XppReader.pullNextEvent(XppReader.java:124) ~[xstream-1.4.20.jar:1.4.20]
	at com.thoughtworks.xstream.io.xml.AbstractPullReader.readRealEvent(AbstractPullReader.java:148) ~[xstream-1.4.20.jar:1.4.20]
	at com.thoughtworks.xstream.io.xml.AbstractPullReader.readEvent(AbstractPullReader.java:141) ~[xstream-1.4.20.jar:1.4.20]
	at com.thoughtworks.xstream.io.xml.AbstractPullReader.move(AbstractPullReader.java:118) ~[xstream-1.4.20.jar:1.4.20]
	at com.thoughtworks.xstream.io.xml.AbstractPullReader.moveDown(AbstractPullReader.java:103) ~[xstream-1.4.20.jar:1.4.20]
	at com.thoughtworks.xstream.io.xml.XppReader.<init>(XppReader.java:63) ~[xstream-1.4.20.jar:1.4.20]
	at com.thoughtworks.xstream.io.xml.AbstractXppDriver.createReader(AbstractXppDriver.java:54) ~[xstream-1.4.20.jar:1.4.20]
	at com.thoughtworks.xstream.XStream.fromXML(XStream.java:1321) ~[xstream-1.4.20.jar:1.4.20]
	at org.apache.jmeter.save.SaveService.readTree(SaveService.java:446) ~[ApacheJMeter_core.jar:5.6.3]
	at org.apache.jmeter.save.SaveService.loadTree(SaveService.java:429) ~[ApacheJMeter_core.jar:5.6.3]
	at org.apache.jmeter.JMeter.runNonGui(JMeter.java:954) ~[ApacheJMeter_core.jar:5.6.3]
	... 5 more
Caused by: org.xmlpull.v1.XmlPullParserException: only whitespace content allowed before start tag and not # (position: START_DOCUMENT seen #... @1:2) 
	at io.github.xstream.mxparser.MXParser.parseProlog(MXParser.java:1528) ~[mxparser-1.2.2.jar:1.2.2]
	at io.github.xstream.mxparser.MXParser.nextImpl(MXParser.java:1406) ~[mxparser-1.2.2.jar:1.2.2]
	at io.github.xstream.mxparser.MXParser.next(MXParser.java:1104) ~[mxparser-1.2.2.jar:1.2.2]
	at com.thoughtworks.xstream.io.xml.XppReader.pullNextEvent(XppReader.java:109) ~[xstream-1.4.20.jar:1.4.20]
	at com.thoughtworks.xstream.io.xml.AbstractPullReader.readRealEvent(AbstractPullReader.java:148) ~[xstream-1.4.20.jar:1.4.20]
	at com.thoughtworks.xstream.io.xml.AbstractPullReader.readEvent(AbstractPullReader.java:141) ~[xstream-1.4.20.jar:1.4.20]
	at com.thoughtworks.xstream.io.xml.AbstractPullReader.move(AbstractPullReader.java:118) ~[xstream-1.4.20.jar:1.4.20]
	at com.thoughtworks.xstream.io.xml.AbstractPullReader.moveDown(AbstractPullReader.java:103) ~[xstream-1.4.20.jar:1.4.20]
	at com.thoughtworks.xstream.io.xml.XppReader.<init>(XppReader.java:63) ~[xstream-1.4.20.jar:1.4.20]
	at com.thoughtworks.xstream.io.xml.AbstractXppDriver.createReader(AbstractXppDriver.java:54) ~[xstream-1.4.20.jar:1.4.20]
	at com.thoughtworks.xstream.XStream.fromXML(XStream.java:1321) ~[xstream-1.4.20.jar:1.4.20]
	at org.apache.jmeter.save.SaveService.readTree(SaveService.java:446) ~[ApacheJMeter_core.jar:5.6.3]
	at org.apache.jmeter.save.SaveService.loadTree(SaveService.java:429) ~[ApacheJMeter_core.jar:5.6.3]
	at org.apache.jmeter.JMeter.runNonGui(JMeter.java:954) ~[ApacheJMeter_core.jar:5.6.3]
	... 5 more
